<?xml version="1.0" encoding="UTF-8"?>
<testng-results skipped="0" failed="0" ignored="0" total="1" passed="1">
  <reporter-output>
  </reporter-output>
  <suite name="Default suite" duration-ms="24317" started-at="2019-11-18T07:00:11Z" finished-at="2019-11-18T07:00:36Z">
    <groups>
    </groups>
    <test name="Default test" duration-ms="24317" started-at="2019-11-18T07:00:11Z" finished-at="2019-11-18T07:00:36Z">
      <class name="casestudy.addtocart.testCart">
        <test-method status="PASS" signature="Beforetest()[pri:0, instance:casestudy.addtocart.testCart@47c62251]" name="Beforetest" is-config="true" duration-ms="16911" started-at="2019-11-18T07:00:11Z" finished-at="2019-11-18T07:00:28Z">
          <reporter-output>
          </reporter-output>
        </test-method> <!-- Beforetest -->
        <test-method status="PASS" signature="cart()[pri:0, instance:casestudy.addtocart.testCart@47c62251]" name="cart" duration-ms="7363" started-at="2019-11-18T07:00:28Z" finished-at="2019-11-18T07:00:36Z">
          <reporter-output>
          </reporter-output>
        </test-method> <!-- cart -->
      </class> <!-- casestudy.addtocart.testCart -->
    </test> <!-- Default test -->
  </suite> <!-- Default suite -->
</testng-results>
